[2020-05-17T22:34:25.581] [DEBUG] cn - restify listening to http://[::]:3978
[2020-05-17T22:34:32.270] [DEBUG] cn - 2020-05-17T14:34:32.257Z/User/message/1
[2020-05-17T22:34:32.975] [DEBUG] cn - 2020-05-17T14:34:32.967Z/User/message/1
[2020-05-17T22:34:33.878] [DEBUG] cn - 2020-05-17T14:34:33.868Z/User/message/2
[2020-05-17T22:34:33.906] [ERROR] cn - [onTurnError] unhandled error: TypeError: Cannot read property 'index' of undefined
[2020-05-17T22:35:59.307] [DEBUG] cn - restify listening to http://[::]:3978
[2020-05-17T22:36:03.839] [DEBUG] cn - 2020-05-17T14:36:03.829Z/User/message/1
[2020-05-17T22:36:05.756] [DEBUG] cn - 2020-05-17T14:36:05.747Z/User/message/1
[2020-05-17T22:36:06.575] [DEBUG] cn - 2020-05-17T14:36:06.570Z/User/message/2
[2020-05-17T22:37:20.598] [DEBUG] cn - restify listening to http://[::]:3978
[2020-05-17T22:37:25.415] [DEBUG] cn - 2020-05-17T14:37:25.403Z/User/message/1
[2020-05-17T22:37:26.080] [DEBUG] cn - 2020-05-17T14:37:26.069Z/User/message/1
[2020-05-17T22:37:26.698] [DEBUG] cn - 2020-05-17T14:37:26.688Z/User/message/2
[2020-05-17T22:37:26.726] [ERROR] cn - User[onTurnError] unhandled error: TypeError: Cannot read property 'index' of undefined
[2020-05-17T22:37:33.320] [DEBUG] cn - 2020-05-17T14:37:33.311Z/User/message/1
[2020-05-17T22:38:37.128] [DEBUG] cn - 2020-05-17T14:38:37.115Z/User/message/1
[2020-05-17T22:38:38.070] [DEBUG] cn - 2020-05-17T14:38:38.064Z/User/message/1
[2020-05-17T22:38:39.015] [DEBUG] cn - 2020-05-17T14:38:39.010Z/User/message/2
[2020-05-17T22:38:39.039] [ERROR] cn - User[onTurnError] unhandled error: TypeError: Cannot read property 'index' of undefined
[2020-05-17T22:38:41.456] [DEBUG] cn - 2020-05-17T14:38:41.446Z/User/message/2
[2020-05-17T22:38:41.479] [ERROR] cn - User[onTurnError] unhandled error: TypeError: Cannot read property 'index' of undefined
[2020-05-17T22:38:44.571] [DEBUG] cn - 2020-05-17T14:38:44.564Z/User/message/2
[2020-05-17T22:38:44.590] [ERROR] cn - User[onTurnError] unhandled error: TypeError: Cannot read property 'index' of undefined
[2020-05-17T22:38:45.625] [DEBUG] cn - 2020-05-17T14:38:45.618Z/User/message/3
[2020-05-17T22:38:45.647] [ERROR] cn - User[onTurnError] unhandled error: TypeError: Cannot read property 'index' of undefined
[2020-05-17T22:38:48.099] [DEBUG] cn - 2020-05-17T14:38:48.091Z/User/message/1
[2020-05-17T22:39:21.542] [DEBUG] cn - restify listening to http://[::]:3978
[2020-05-17T22:39:23.768] [DEBUG] cn - 2020-05-17T14:39:23.762Z/User/message/1
[2020-05-17T22:39:24.426] [DEBUG] cn - 2020-05-17T14:39:24.420Z/User/message/1
[2020-05-17T22:39:25.859] [DEBUG] cn - 2020-05-17T14:39:25.854Z/User/message/2
[2020-05-17T22:39:27.114] [DEBUG] cn - 2020-05-17T14:39:27.109Z/User/message/1
[2020-05-17T22:40:52.962] [DEBUG] cn - restify listening to http://[::]:3978
[2020-05-17T22:40:58.694] [DEBUG] cn - 2020-05-17T14:40:58.683Z/User/message/1
[2020-05-17T22:40:59.285] [DEBUG] cn - 2020-05-17T14:40:59.281Z/User/message/1
[2020-05-17T22:41:00.104] [DEBUG] cn - 2020-05-17T14:41:00.098Z/User/message/1
[2020-05-17T22:41:01.090] [DEBUG] cn - 2020-05-17T14:41:01.085Z/User/message/1
[2020-05-17T22:41:01.786] [DEBUG] cn - 2020-05-17T14:41:01.777Z/User/message/1
[2020-05-17T22:41:02.806] [DEBUG] cn - 2020-05-17T14:41:02.801Z/User/message/1
[2020-05-17T22:41:02.818] [DEBUG] cn - test
[2020-05-17T22:43:45.848] [DEBUG] cn - restify listening to http://[::]:3978
[2020-05-17T22:43:47.604] [DEBUG] cn - 2020-05-17T14:43:47.594Z/User/message/1
[2020-05-17T22:43:48.172] [DEBUG] cn - 2020-05-17T14:43:48.163Z/User/message/1
[2020-05-17T22:43:49.098] [DEBUG] cn - 2020-05-17T14:43:49.092Z/User/message/1
[2020-05-17T22:43:49.110] [DEBUG] cn - test
[2020-05-17T22:44:07.220] [DEBUG] cn - 2020-05-17T14:44:07.193Z/User/message/按区域
[2020-05-17T22:44:08.818] [DEBUG] cn - 2020-05-17T14:44:08.808Z/User/message/1
[2020-05-17T22:44:09.622] [DEBUG] cn - 2020-05-17T14:44:09.617Z/User/message/1
[2020-05-17T22:51:02.088] [DEBUG] cn - restify listening to http://[::]:3978
[2020-05-17T22:51:06.676] [DEBUG] cn - User/message/1
[2020-05-17T22:51:14.476] [DEBUG] cn - User/message/3
[2020-05-17T22:51:14.554] [ERROR] cn - User[onTurnError] unhandled error: TypeError: Cannot read property 'index' of undefined
[2020-05-17T22:56:29.437] [DEBUG] cn - restify listening to http://[::]:3978
[2020-05-17T22:56:34.288] [DEBUG] cn - User/message/1
[2020-05-17T22:56:36.143] [DEBUG] cn - User/message/3
[2020-05-17T22:56:37.497] [DEBUG] cn - User/message/2
[2020-05-17T22:56:38.963] [DEBUG] cn - User/message/3
[2020-05-17T22:56:40.049] [DEBUG] cn - User/message/1
[2020-05-17T23:01:40.932] [DEBUG] cn - restify listening to http://[::]:3978
[2020-05-17T23:01:46.374] [DEBUG] cn - User/message/1
[2020-05-17T23:01:47.277] [DEBUG] cn - User/message/3
[2020-05-17T23:01:48.485] [DEBUG] cn - User/message/1
[2020-05-17T23:01:49.563] [DEBUG] cn - User/message/1
[2020-05-17T23:01:50.629] [DEBUG] cn - User/message/2
[2020-05-17T23:01:51.582] [DEBUG] cn - User/message/1
[2020-05-17T23:12:07.175] [DEBUG] cn - restify listening to http://[::]:3978
[2020-05-17T23:12:13.611] [DEBUG] cn - User/message/1
[2020-05-17T23:12:14.732] [DEBUG] cn - User/message/3
[2020-05-17T23:12:15.789] [DEBUG] cn - User/message/1
[2020-05-17T23:12:17.237] [DEBUG] cn - User/message/1
[2020-05-17T23:12:18.364] [DEBUG] cn - User/message/1
[2020-05-17T23:12:22.299] [DEBUG] cn - User/message/1
[2020-05-17T23:12:22.875] [DEBUG] cn - User/message/1
[2020-05-17T23:12:25.278] [DEBUG] cn - User/message/霏霏
[2020-05-17T23:12:30.229] [DEBUG] cn - User/message/undefined
[2020-05-17T23:14:04.452] [ERROR] cn - User[onTurnError] unhandled error: TypeError: Cannot set property 'index' of undefined
[2020-05-17T23:14:44.559] [DEBUG] cn - restify listening to http://[::]:3978
[2020-05-17T23:15:16.804] [DEBUG] cn - User/message/1
[2020-05-17T23:15:17.852] [DEBUG] cn - User/message/3
[2020-05-17T23:15:18.764] [DEBUG] cn - User/message/1
[2020-05-17T23:15:28.241] [DEBUG] cn - User/message/undefined
[2020-05-17T23:15:28.250] [ERROR] cn - User[onTurnError] unhandled error: TypeError: Cannot set property 'index' of undefined
[2020-05-17T23:15:48.474] [DEBUG] cn - restify listening to http://[::]:3978
[2020-05-17T23:15:52.151] [DEBUG] cn - User/message/hi
[2020-05-17T23:15:53.463] [DEBUG] cn - User/message/3
[2020-05-17T23:15:54.595] [DEBUG] cn - User/message/1
[2020-05-17T23:15:57.690] [DEBUG] cn - User/message/1
[2020-05-17T23:16:01.969] [DEBUG] cn - User/message/undefined
[2020-05-17T23:17:01.658] [DEBUG] cn - restify listening to http://[::]:3978
[2020-05-17T23:17:05.706] [DEBUG] cn - User/message/1
[2020-05-17T23:17:06.580] [DEBUG] cn - User/message/3
[2020-05-17T23:17:07.497] [DEBUG] cn - User/message/1
[2020-05-17T23:17:11.383] [DEBUG] cn - User/message/undefined
[2020-05-17T23:17:26.933] [ERROR] cn - User[onTurnError] unhandled error: TypeError: Cannot set property result of #<WaterfallStepContext> which has only a getter
[2020-05-17T23:17:52.216] [DEBUG] cn - restify listening to http://[::]:3978
[2020-05-17T23:17:54.625] [DEBUG] cn - User/message/1
[2020-05-17T23:17:55.274] [DEBUG] cn - User/message/1
[2020-05-17T23:17:56.205] [DEBUG] cn - User/message/1
[2020-05-17T23:17:57.152] [DEBUG] cn - User/message/1
[2020-05-17T23:17:58.300] [DEBUG] cn - User/message/1
[2020-05-17T23:17:59.457] [DEBUG] cn - User/message/1
[2020-05-17T23:18:32.565] [DEBUG] cn - restify listening to http://[::]:3978
[2020-05-17T23:19:16.703] [DEBUG] cn - restify listening to http://[::]:3978
[2020-05-17T23:19:24.828] [DEBUG] cn - User/message/1
[2020-05-17T23:19:25.889] [DEBUG] cn - User/message/3
[2020-05-17T23:19:26.719] [DEBUG] cn - User/message/1
[2020-05-17T23:19:30.092] [DEBUG] cn - User/message/undefined
[2020-05-17T23:25:05.636] [DEBUG] cn - restify listening to http://[::]:3978
[2020-05-17T23:25:13.628] [DEBUG] cn - User/message/1
[2020-05-17T23:25:14.758] [DEBUG] cn - User/message/3
[2020-05-17T23:25:16.017] [DEBUG] cn - User/message/1
[2020-05-17T23:25:18.355] [DEBUG] cn - User/message/1
[2020-05-17T23:25:23.879] [DEBUG] cn - User/message/2
[2020-05-17T23:25:26.403] [DEBUG] cn - User/message/m
[2020-05-17T23:25:27.801] [DEBUG] cn - User/message/1
[2020-05-17T23:25:30.266] [DEBUG] cn - User/message/4
[2020-05-17T23:25:31.526] [DEBUG] cn - User/message/3
[2020-05-17T23:25:33.005] [DEBUG] cn - User/message/1
[2020-05-17T23:25:35.177] [DEBUG] cn - User/message/3
[2020-05-17T23:25:42.263] [DEBUG] cn - User/message/undefined
[2020-05-17T23:30:24.874] [DEBUG] cn - restify listening to http://[::]:3978
[2020-05-17T23:30:30.989] [DEBUG] cn - User/message/1
[2020-05-17T23:30:32.156] [DEBUG] cn - User/message/3
[2020-05-17T23:30:33.101] [DEBUG] cn - User/message/1
[2020-05-17T23:30:35.547] [DEBUG] cn - User/message/3
[2020-05-17T23:30:38.893] [DEBUG] cn - User/message/4
[2020-05-17T23:30:42.796] [DEBUG] cn - User/message/undefined
[2020-05-17T23:34:53.216] [DEBUG] cn - restify listening to http://[::]:3978
[2020-05-17T23:34:55.142] [DEBUG] cn - User/message/1
[2020-05-17T23:34:55.960] [DEBUG] cn - User/message/3
[2020-05-17T23:34:56.945] [DEBUG] cn - User/message/1
[2020-05-17T23:35:06.784] [DEBUG] cn - User/message/1
[2020-05-17T23:35:16.302] [DEBUG] cn - User/message/3
[2020-05-17T23:35:24.237] [DEBUG] cn - User/message/undefined
[2020-05-17T23:41:05.996] [DEBUG] cn - restify listening to http://[::]:3978
[2020-05-17T23:41:12.983] [DEBUG] cn - User/message/1
[2020-05-17T23:41:14.018] [DEBUG] cn - User/message/3
[2020-05-17T23:41:15.187] [DEBUG] cn - User/message/1
[2020-05-17T23:41:21.514] [DEBUG] cn - User/message/undefined
[2020-05-17T23:41:46.714] [DEBUG] cn - restify listening to http://[::]:3978
[2020-05-17T23:41:51.286] [DEBUG] cn - User/message/1
[2020-05-17T23:41:52.315] [DEBUG] cn - User/message/3
[2020-05-17T23:41:53.207] [DEBUG] cn - User/message/1
[2020-05-17T23:41:57.248] [DEBUG] cn - User/message/undefined
[2020-05-17T23:42:56.165] [DEBUG] cn - restify listening to http://[::]:3978
[2020-05-17T23:42:58.456] [DEBUG] cn - User/message/1
[2020-05-17T23:42:59.470] [DEBUG] cn - User/message/3
[2020-05-17T23:43:00.177] [DEBUG] cn - User/message/1
[2020-05-17T23:43:05.783] [DEBUG] cn - User/message/undefined
[2020-05-17T23:43:23.450] [DEBUG] cn - User/message/undefined
[2020-05-17T23:50:13.196] [DEBUG] cn - restify listening to http://[::]:3978
[2020-05-17T23:50:23.831] [DEBUG] cn - User/message/1
[2020-05-17T23:50:24.875] [DEBUG] cn - User/message/3
[2020-05-17T23:50:25.998] [DEBUG] cn - User/message/1
[2020-05-17T23:50:31.658] [DEBUG] cn - User/message/undefined
[2020-05-17T23:51:46.074] [DEBUG] cn - User/message/undefined
[2020-05-17T23:52:15.483] [DEBUG] cn - restify listening to http://[::]:3978
[2020-05-17T23:52:20.129] [DEBUG] cn - User/message/1
[2020-05-17T23:52:21.370] [DEBUG] cn - User/message/3
[2020-05-17T23:52:22.379] [DEBUG] cn - User/message/1
[2020-05-17T23:52:24.591] [DEBUG] cn - User/message/1
[2020-05-17T23:52:28.176] [DEBUG] cn - User/message/undefined
[2020-05-17T23:52:54.129] [DEBUG] cn - User/message/1
[2020-05-17T23:52:55.342] [DEBUG] cn - User/message/3
[2020-05-17T23:52:56.306] [DEBUG] cn - User/message/1
[2020-05-17T23:53:08.225] [DEBUG] cn - User/message/undefined
